<?xml version="1.0" encoding="UTF-8"?>
<testsuite name="SlackApiWrapper::testing self.listChannels(token = nil)" skipped="0" failures="0" errors="0" tests="2" assertions="46" time="0.06840135902166367">
  <testcase name="test_0002_will return an empty array with a bad token" classname="SlackApiWrapper::testing self.listChannels(token = nil)" assertions="1" time="0.04203756805509329">
  </testcase>
  <testcase name="test_0001_can get a list of channels" classname="SlackApiWrapper::testing self.listChannels(token = nil)" assertions="45" time="0.026363790966570377">
  </testcase>
</testsuite>
